# JRE version: OpenJDK Runtime Environment Temurin-17.0.9+9 (17.0.9+9) (build 17.0.9+9)
# Java VM: OpenJDK 64-Bit Server VM Temurin-17.0.9+9 (17.0.9+9, mixed mode, emulated-client, tiered, compressed oops, compressed class ptrs, g1 gc, windows-amd64)
GC Precious Log:
 CPUs: 8 total, 8 available
 Memory: 7883M
 Large Page Support: Disabled
 NUMA Support: Disabled
 Compressed Oops: Enabled (32-bit)
 Heap Region Size: 1M
 Heap Min Capacity: 8M
 Heap Initial Capacity: 124M
 Heap Max Capacity: 1G
 Pre-touch: Disabled
 Parallel Workers: 8
 Concurrent Workers: 2
 Concurrent Refinement Workers: 8
 Periodic GC: Disabled
Heap:
 garbage-first heap   total 65536K, used 18163K [0x00000000c0000000, 0x0000000100000000)
  region size 1024K, 1 young (1024K), 0 survivors (0K)
 Metaspace       used 39747K, committed 40384K, reserved 1114112K
  class space    used 5285K, committed 5568K, reserved 1048576K
GC Heap History (20 events):
Event: 604.322 GC heap before
{Heap before GC invocations=62 (full 51):
 garbage-first heap   total 65536K, used 18163K [0x00000000c0000000, 0x0000000100000000)
  region size 1024K, 1 young (1024K), 0 survivors (0K)
 Metaspace       used 39747K, committed 40384K, reserved 1114112K
  class space    used 5285K, committed 5568K, reserved 1048576K
}
Event: 604.350 GC heap after
{Heap after GC invocations=63 (full 52):
 garbage-first heap   total 65536K, used 18163K [0x00000000c0000000, 0x0000000100000000)
  region size 1024K, 0 young (0K), 0 survivors (0K)
 Metaspace       used 39747K, committed 40384K, reserved 1114112K
  class space    used 5285K, committed 5568K, reserved 1048576K
}
Event: 614.609 GC heap before
{Heap before GC invocations=63 (full 52):
 garbage-first heap   total 65536K, used 18163K [0x00000000c0000000, 0x0000000100000000)
  region size 1024K, 1 young (1024K), 0 survivors (0K)
 Metaspace       used 39747K, committed 40384K, reserved 1114112K
  class space    used 5285K, committed 5568K, reserved 1048576K
}
Event: 614.636 GC heap after
{Heap after GC invocations=64 (full 53):
 garbage-first heap   total 65536K, used 18163K [0x00000000c0000000, 0x0000000100000000)
  region size 1024K, 0 young (0K), 0 survivors (0K)
 Metaspace       used 39747K, committed 40384K, reserved 1114112K
  class space    used 5285K, committed 5568K, reserved 1048576K
}
Event: 624.911 GC heap before
{Heap before GC invocations=64 (full 53):
 garbage-first heap   total 65536K, used 18163K [0x00000000c0000000, 0x0000000100000000)
  region size 1024K, 1 young (1024K), 0 survivors (0K)
 Metaspace       used 39747K, committed 40384K, reserved 1114112K
  class space    used 5285K, committed 5568K, reserved 1048576K
}
Event: 624.935 GC heap after
{Heap after GC invocations=65 (full 54):
 garbage-first heap   total 65536K, used 18163K [0x00000000c0000000, 0x0000000100000000)
  region size 1024K, 0 young (0K), 0 survivors (0K)
 Metaspace       used 39747K, committed 40384K, reserved 1114112K
  class space    used 5285K, committed 5568K, reserved 1048576K
}
Event: 635.209 GC heap before
{Heap before GC invocations=65 (full 54):
 garbage-first heap   total 65536K, used 18163K [0x00000000c0000000, 0x0000000100000000)
  region size 1024K, 1 young (1024K), 0 survivors (0K)
 Metaspace       used 39747K, committed 40384K, reserved 1114112K
  class space    used 5285K, committed 5568K, reserved 1048576K
}
Event: 635.234 GC heap after
{Heap after GC invocations=66 (full 55):
 garbage-first heap   total 65536K, used 18163K [0x00000000c0000000, 0x0000000100000000)
  region size 1024K, 0 young (0K), 0 survivors (0K)
 Metaspace       used 39747K, committed 40384K, reserved 1114112K
  class space    used 5285K, committed 5568K, reserved 1048576K
}
Event: 645.469 GC heap before
{Heap before GC invocations=66 (full 55):
 garbage-first heap   total 65536K, used 18163K [0x00000000c0000000, 0x0000000100000000)
  region size 1024K, 1 young (1024K), 0 survivors (0K)
 Metaspace       used 39747K, committed 40384K, reserved 1114112K
  class space    used 5285K, committed 5568K, reserved 1048576K
}
Event: 645.496 GC heap after
{Heap after GC invocations=67 (full 56):
 garbage-first heap   total 65536K, used 18163K [0x00000000c0000000, 0x0000000100000000)
  region size 1024K, 0 young (0K), 0 survivors (0K)
 Metaspace       used 39747K, committed 40384K, reserved 1114112K
  class space    used 5285K, committed 5568K, reserved 1048576K
}
Event: 655.728 GC heap before
{Heap before GC invocations=67 (full 56):
 garbage-first heap   total 65536K, used 18163K [0x00000000c0000000, 0x0000000100000000)
  region size 1024K, 1 young (1024K), 0 survivors (0K)
 Metaspace       used 39747K, committed 40384K, reserved 1114112K
  class space    used 5285K, committed 5568K, reserved 1048576K
}
Event: 655.752 GC heap after
{Heap after GC invocations=68 (full 57):
 garbage-first heap   total 65536K, used 18163K [0x00000000c0000000, 0x0000000100000000)
  region size 1024K, 0 young (0K), 0 survivors (0K)
 Metaspace       used 39747K, committed 40384K, reserved 1114112K
  class space    used 5285K, committed 5568K, reserved 1048576K
}
Event: 666.075 GC heap before
{Heap before GC invocations=68 (full 57):
 garbage-first heap   total 65536K, used 18163K [0x00000000c0000000, 0x0000000100000000)
  region size 1024K, 1 young (1024K), 0 survivors (0K)
 Metaspace       used 39747K, committed 40384K, reserved 1114112K
  class space    used 5285K, committed 5568K, reserved 1048576K
}
Event: 666.097 GC heap after
{Heap after GC invocations=69 (full 58):
 garbage-first heap   total 65536K, used 18163K [0x00000000c0000000, 0x0000000100000000)
  region size 1024K, 0 young (0K), 0 survivors (0K)
 Metaspace       used 39747K, committed 40384K, reserved 1114112K
  class space    used 5285K, committed 5568K, reserved 1048576K
}
Event: 676.347 GC heap before
{Heap before GC invocations=69 (full 58):
 garbage-first heap   total 65536K, used 18163K [0x00000000c0000000, 0x0000000100000000)
  region size 1024K, 1 young (1024K), 0 survivors (0K)
 Metaspace       used 39747K, committed 40384K, reserved 1114112K
  class space    used 5285K, committed 5568K, reserved 1048576K
}
Event: 676.372 GC heap after
{Heap after GC invocations=70 (full 59):
 garbage-first heap   total 65536K, used 18163K [0x00000000c0000000, 0x0000000100000000)
  region size 1024K, 0 young (0K), 0 survivors (0K)
 Metaspace       used 39747K, committed 40384K, reserved 1114112K
  class space    used 5285K, committed 5568K, reserved 1048576K
}
Event: 688.030 GC heap before
{Heap before GC invocations=70 (full 59):
 garbage-first heap   total 65536K, used 18163K [0x00000000c0000000, 0x0000000100000000)
  region size 1024K, 1 young (1024K), 0 survivors (0K)
 Metaspace       used 39747K, committed 40384K, reserved 1114112K
  class space    used 5285K, committed 5568K, reserved 1048576K
}
Event: 688.055 GC heap after
{Heap after GC invocations=71 (full 60):
 garbage-first heap   total 65536K, used 18163K [0x00000000c0000000, 0x0000000100000000)
  region size 1024K, 0 young (0K), 0 survivors (0K)
 Metaspace       used 39747K, committed 40384K, reserved 1114112K
  class space    used 5285K, committed 5568K, reserved 1048576K
}
Event: 698.303 GC heap before
{Heap before GC invocations=71 (full 60):
 garbage-first heap   total 65536K, used 18163K [0x00000000c0000000, 0x0000000100000000)
  region size 1024K, 1 young (1024K), 0 survivors (0K)
 Metaspace       used 39747K, committed 40384K, reserved 1114112K
  class space    used 5285K, committed 5568K, reserved 1048576K
}
Event: 698.330 GC heap after
{Heap after GC invocations=72 (full 61):
 garbage-first heap   total 65536K, used 18163K [0x00000000c0000000, 0x0000000100000000)
  region size 1024K, 0 young (0K), 0 survivors (0K)
 Metaspace       used 39747K, committed 40384K, reserved 1114112K
  class space    used 5285K, committed 5568K, reserved 1048576K
}

