# JRE version: OpenJDK Runtime Environment Temurin-17.0.9+9 (17.0.9+9) (build 17.0.9+9)
# Java VM: OpenJDK 64-Bit Server VM Temurin-17.0.9+9 (17.0.9+9, mixed mode, emulated-client, tiered, compressed oops, compressed class ptrs, g1 gc, windows-amd64)
GC Precious Log:
 CPUs: 8 total, 8 available
 Memory: 7883M
 Large Page Support: Disabled
 NUMA Support: Disabled
 Compressed Oops: Enabled (32-bit)
 Heap Region Size: 1M
 Heap Min Capacity: 8M
 Heap Initial Capacity: 124M
 Heap Max Capacity: 1G
 Pre-touch: Disabled
 Parallel Workers: 8
 Concurrent Workers: 2
 Concurrent Refinement Workers: 8
 Periodic GC: Disabled
Heap:
 garbage-first heap   total 75776K, used 22300K [0x00000000c0000000, 0x0000000100000000)
  region size 1024K, 1 young (1024K), 0 survivors (0K)
 Metaspace       used 38559K, committed 39104K, reserved 1114112K
  class space    used 5083K, committed 5312K, reserved 1048576K
GC Heap History (20 events):
Event: 12939.772 GC heap before
{Heap before GC invocations=1223 (full 1215):
 garbage-first heap   total 75776K, used 22301K [0x00000000c0000000, 0x0000000100000000)
  region size 1024K, 1 young (1024K), 0 survivors (0K)
 Metaspace       used 38559K, committed 39104K, reserved 1114112K
  class space    used 5083K, committed 5312K, reserved 1048576K
}
Event: 12939.788 GC heap after
{Heap after GC invocations=1224 (full 1216):
 garbage-first heap   total 75776K, used 22301K [0x00000000c0000000, 0x0000000100000000)
  region size 1024K, 0 young (0K), 0 survivors (0K)
 Metaspace       used 38559K, committed 39104K, reserved 1114112K
  class space    used 5083K, committed 5312K, reserved 1048576K
}
Event: 12950.024 GC heap before
{Heap before GC invocations=1224 (full 1216):
 garbage-first heap   total 75776K, used 22301K [0x00000000c0000000, 0x0000000100000000)
  region size 1024K, 1 young (1024K), 0 survivors (0K)
 Metaspace       used 38559K, committed 39104K, reserved 1114112K
  class space    used 5083K, committed 5312K, reserved 1048576K
}
Event: 12950.042 GC heap after
{Heap after GC invocations=1225 (full 1217):
 garbage-first heap   total 75776K, used 22300K [0x00000000c0000000, 0x0000000100000000)
  region size 1024K, 0 young (0K), 0 survivors (0K)
 Metaspace       used 38559K, committed 39104K, reserved 1114112K
  class space    used 5083K, committed 5312K, reserved 1048576K
}
Event: 12960.272 GC heap before
{Heap before GC invocations=1225 (full 1217):
 garbage-first heap   total 75776K, used 22300K [0x00000000c0000000, 0x0000000100000000)
  region size 1024K, 1 young (1024K), 0 survivors (0K)
 Metaspace       used 38559K, committed 39104K, reserved 1114112K
  class space    used 5083K, committed 5312K, reserved 1048576K
}
Event: 12960.291 GC heap after
{Heap after GC invocations=1226 (full 1218):
 garbage-first heap   total 75776K, used 22300K [0x00000000c0000000, 0x0000000100000000)
  region size 1024K, 0 young (0K), 0 survivors (0K)
 Metaspace       used 38559K, committed 39104K, reserved 1114112K
  class space    used 5083K, committed 5312K, reserved 1048576K
}
Event: 13000.860 GC heap before
{Heap before GC invocations=1226 (full 1218):
 garbage-first heap   total 75776K, used 22300K [0x00000000c0000000, 0x0000000100000000)
  region size 1024K, 1 young (1024K), 0 survivors (0K)
 Metaspace       used 38559K, committed 39104K, reserved 1114112K
  class space    used 5083K, committed 5312K, reserved 1048576K
}
Event: 13001.067 GC heap after
{Heap after GC invocations=1227 (full 1219):
 garbage-first heap   total 75776K, used 22301K [0x00000000c0000000, 0x0000000100000000)
  region size 1024K, 0 young (0K), 0 survivors (0K)
 Metaspace       used 38559K, committed 39104K, reserved 1114112K
  class space    used 5083K, committed 5312K, reserved 1048576K
}
Event: 13012.340 GC heap before
{Heap before GC invocations=1227 (full 1219):
 garbage-first heap   total 75776K, used 22301K [0x00000000c0000000, 0x0000000100000000)
  region size 1024K, 1 young (1024K), 0 survivors (0K)
 Metaspace       used 38559K, committed 39104K, reserved 1114112K
  class space    used 5083K, committed 5312K, reserved 1048576K
}
Event: 13012.380 GC heap after
{Heap after GC invocations=1228 (full 1220):
 garbage-first heap   total 75776K, used 22301K [0x00000000c0000000, 0x0000000100000000)
  region size 1024K, 0 young (0K), 0 survivors (0K)
 Metaspace       used 38559K, committed 39104K, reserved 1114112K
  class space    used 5083K, committed 5312K, reserved 1048576K
}
Event: 13022.763 GC heap before
{Heap before GC invocations=1228 (full 1220):
 garbage-first heap   total 75776K, used 22301K [0x00000000c0000000, 0x0000000100000000)
  region size 1024K, 1 young (1024K), 0 survivors (0K)
 Metaspace       used 38559K, committed 39104K, reserved 1114112K
  class space    used 5083K, committed 5312K, reserved 1048576K
}
Event: 13022.788 GC heap after
{Heap after GC invocations=1229 (full 1221):
 garbage-first heap   total 75776K, used 22301K [0x00000000c0000000, 0x0000000100000000)
  region size 1024K, 0 young (0K), 0 survivors (0K)
 Metaspace       used 38559K, committed 39104K, reserved 1114112K
  class space    used 5083K, committed 5312K, reserved 1048576K
}
Event: 13033.053 GC heap before
{Heap before GC invocations=1229 (full 1221):
 garbage-first heap   total 75776K, used 22301K [0x00000000c0000000, 0x0000000100000000)
  region size 1024K, 1 young (1024K), 0 survivors (0K)
 Metaspace       used 38559K, committed 39104K, reserved 1114112K
  class space    used 5083K, committed 5312K, reserved 1048576K
}
Event: 13033.073 GC heap after
{Heap after GC invocations=1230 (full 1222):
 garbage-first heap   total 75776K, used 22300K [0x00000000c0000000, 0x0000000100000000)
  region size 1024K, 0 young (0K), 0 survivors (0K)
 Metaspace       used 38559K, committed 39104K, reserved 1114112K
  class space    used 5083K, committed 5312K, reserved 1048576K
}
Event: 13043.386 GC heap before
{Heap before GC invocations=1230 (full 1222):
 garbage-first heap   total 75776K, used 22300K [0x00000000c0000000, 0x0000000100000000)
  region size 1024K, 1 young (1024K), 0 survivors (0K)
 Metaspace       used 38559K, committed 39104K, reserved 1114112K
  class space    used 5083K, committed 5312K, reserved 1048576K
}
Event: 13043.406 GC heap after
{Heap after GC invocations=1231 (full 1223):
 garbage-first heap   total 75776K, used 22300K [0x00000000c0000000, 0x0000000100000000)
  region size 1024K, 0 young (0K), 0 survivors (0K)
 Metaspace       used 38559K, committed 39104K, reserved 1114112K
  class space    used 5083K, committed 5312K, reserved 1048576K
}
Event: 13053.666 GC heap before
{Heap before GC invocations=1231 (full 1223):
 garbage-first heap   total 75776K, used 22300K [0x00000000c0000000, 0x0000000100000000)
  region size 1024K, 1 young (1024K), 0 survivors (0K)
 Metaspace       used 38559K, committed 39104K, reserved 1114112K
  class space    used 5083K, committed 5312K, reserved 1048576K
}
Event: 13053.687 GC heap after
{Heap after GC invocations=1232 (full 1224):
 garbage-first heap   total 75776K, used 22300K [0x00000000c0000000, 0x0000000100000000)
  region size 1024K, 0 young (0K), 0 survivors (0K)
 Metaspace       used 38559K, committed 39104K, reserved 1114112K
  class space    used 5083K, committed 5312K, reserved 1048576K
}
Event: 13064.088 GC heap before
{Heap before GC invocations=1232 (full 1224):
 garbage-first heap   total 75776K, used 22300K [0x00000000c0000000, 0x0000000100000000)
  region size 1024K, 1 young (1024K), 0 survivors (0K)
 Metaspace       used 38559K, committed 39104K, reserved 1114112K
  class space    used 5083K, committed 5312K, reserved 1048576K
}
Event: 13064.113 GC heap after
{Heap after GC invocations=1233 (full 1225):
 garbage-first heap   total 75776K, used 22300K [0x00000000c0000000, 0x0000000100000000)
  region size 1024K, 0 young (0K), 0 survivors (0K)
 Metaspace       used 38559K, committed 39104K, reserved 1114112K
  class space    used 5083K, committed 5312K, reserved 1048576K
}

