# JRE version: OpenJDK Runtime Environment Temurin-17.0.9+9 (17.0.9+9) (build 17.0.9+9)
# Java VM: OpenJDK 64-Bit Server VM Temurin-17.0.9+9 (17.0.9+9, mixed mode, emulated-client, tiered, compressed oops, compressed class ptrs, g1 gc, windows-amd64)
GC Precious Log:
 CPUs: 8 total, 8 available
 Memory: 7883M
 Large Page Support: Disabled
 NUMA Support: Disabled
 Compressed Oops: Enabled (32-bit)
 Heap Region Size: 1M
 Heap Min Capacity: 8M
 Heap Initial Capacity: 124M
 Heap Max Capacity: 1G
 Pre-touch: Disabled
 Parallel Workers: 8
 Concurrent Workers: 2
 Concurrent Refinement Workers: 8
 Periodic GC: Disabled
Heap:
 garbage-first heap   total 71680K, used 22259K [0x00000000c0000000, 0x0000000100000000)
  region size 1024K, 1 young (1024K), 0 survivors (0K)
 Metaspace       used 38680K, committed 39104K, reserved 1114112K
  class space    used 5110K, committed 5312K, reserved 1048576K
GC Heap History (20 events):
Event: 12753.838 GC heap before
{Heap before GC invocations=310 (full 206):
 garbage-first heap   total 71680K, used 22257K [0x00000000c0000000, 0x0000000100000000)
  region size 1024K, 1 young (1024K), 0 survivors (0K)
 Metaspace       used 38680K, committed 39104K, reserved 1114112K
  class space    used 5110K, committed 5312K, reserved 1048576K
}
Event: 12753.879 GC heap after
{Heap after GC invocations=311 (full 207):
 garbage-first heap   total 71680K, used 22257K [0x00000000c0000000, 0x0000000100000000)
  region size 1024K, 0 young (0K), 0 survivors (0K)
 Metaspace       used 38680K, committed 39104K, reserved 1114112K
  class space    used 5110K, committed 5312K, reserved 1048576K
}
Event: 12764.119 GC heap before
{Heap before GC invocations=311 (full 207):
 garbage-first heap   total 71680K, used 22257K [0x00000000c0000000, 0x0000000100000000)
  region size 1024K, 1 young (1024K), 0 survivors (0K)
 Metaspace       used 38680K, committed 39104K, reserved 1114112K
  class space    used 5110K, committed 5312K, reserved 1048576K
}
Event: 12764.141 GC heap after
{Heap after GC invocations=312 (full 208):
 garbage-first heap   total 71680K, used 22257K [0x00000000c0000000, 0x0000000100000000)
  region size 1024K, 0 young (0K), 0 survivors (0K)
 Metaspace       used 38680K, committed 39104K, reserved 1114112K
  class space    used 5110K, committed 5312K, reserved 1048576K
}
Event: 12804.361 GC heap before
{Heap before GC invocations=312 (full 208):
 garbage-first heap   total 71680K, used 22257K [0x00000000c0000000, 0x0000000100000000)
  region size 1024K, 1 young (1024K), 0 survivors (0K)
 Metaspace       used 38680K, committed 39104K, reserved 1114112K
  class space    used 5110K, committed 5312K, reserved 1048576K
}
Event: 12804.380 GC heap after
{Heap after GC invocations=313 (full 209):
 garbage-first heap   total 71680K, used 22257K [0x00000000c0000000, 0x0000000100000000)
  region size 1024K, 0 young (0K), 0 survivors (0K)
 Metaspace       used 38680K, committed 39104K, reserved 1114112K
  class space    used 5110K, committed 5312K, reserved 1048576K
}
Event: 12814.599 GC heap before
{Heap before GC invocations=313 (full 209):
 garbage-first heap   total 71680K, used 22257K [0x00000000c0000000, 0x0000000100000000)
  region size 1024K, 1 young (1024K), 0 survivors (0K)
 Metaspace       used 38680K, committed 39104K, reserved 1114112K
  class space    used 5110K, committed 5312K, reserved 1048576K
}
Event: 12814.619 GC heap after
{Heap after GC invocations=314 (full 210):
 garbage-first heap   total 71680K, used 22257K [0x00000000c0000000, 0x0000000100000000)
  region size 1024K, 0 young (0K), 0 survivors (0K)
 Metaspace       used 38680K, committed 39104K, reserved 1114112K
  class space    used 5110K, committed 5312K, reserved 1048576K
}
Event: 12824.953 GC heap before
{Heap before GC invocations=314 (full 210):
 garbage-first heap   total 71680K, used 22257K [0x00000000c0000000, 0x0000000100000000)
  region size 1024K, 1 young (1024K), 0 survivors (0K)
 Metaspace       used 38680K, committed 39104K, reserved 1114112K
  class space    used 5110K, committed 5312K, reserved 1048576K
}
Event: 12824.973 GC heap after
{Heap after GC invocations=315 (full 211):
 garbage-first heap   total 71680K, used 22257K [0x00000000c0000000, 0x0000000100000000)
  region size 1024K, 0 young (0K), 0 survivors (0K)
 Metaspace       used 38680K, committed 39104K, reserved 1114112K
  class space    used 5110K, committed 5312K, reserved 1048576K
}
Event: 12835.205 GC heap before
{Heap before GC invocations=315 (full 211):
 garbage-first heap   total 71680K, used 22257K [0x00000000c0000000, 0x0000000100000000)
  region size 1024K, 1 young (1024K), 0 survivors (0K)
 Metaspace       used 38680K, committed 39104K, reserved 1114112K
  class space    used 5110K, committed 5312K, reserved 1048576K
}
Event: 12835.225 GC heap after
{Heap after GC invocations=316 (full 212):
 garbage-first heap   total 71680K, used 22257K [0x00000000c0000000, 0x0000000100000000)
  region size 1024K, 0 young (0K), 0 survivors (0K)
 Metaspace       used 38680K, committed 39104K, reserved 1114112K
  class space    used 5110K, committed 5312K, reserved 1048576K
}
Event: 12925.555 GC heap before
{Heap before GC invocations=316 (full 212):
 garbage-first heap   total 71680K, used 23281K [0x00000000c0000000, 0x0000000100000000)
  region size 1024K, 2 young (2048K), 0 survivors (0K)
 Metaspace       used 38680K, committed 39104K, reserved 1114112K
  class space    used 5110K, committed 5312K, reserved 1048576K
}
Event: 12925.708 GC heap after
{Heap after GC invocations=317 (full 213):
 garbage-first heap   total 71680K, used 22258K [0x00000000c0000000, 0x0000000100000000)
  region size 1024K, 0 young (0K), 0 survivors (0K)
 Metaspace       used 38680K, committed 39104K, reserved 1114112K
  class space    used 5110K, committed 5312K, reserved 1048576K
}
Event: 12935.977 GC heap before
{Heap before GC invocations=317 (full 213):
 garbage-first heap   total 71680K, used 22258K [0x00000000c0000000, 0x0000000100000000)
  region size 1024K, 1 young (1024K), 0 survivors (0K)
 Metaspace       used 38680K, committed 39104K, reserved 1114112K
  class space    used 5110K, committed 5312K, reserved 1048576K
}
Event: 12935.997 GC heap after
{Heap after GC invocations=318 (full 214):
 garbage-first heap   total 71680K, used 22258K [0x00000000c0000000, 0x0000000100000000)
  region size 1024K, 0 young (0K), 0 survivors (0K)
 Metaspace       used 38680K, committed 39104K, reserved 1114112K
  class space    used 5110K, committed 5312K, reserved 1048576K
}
Event: 12946.197 GC heap before
{Heap before GC invocations=318 (full 214):
 garbage-first heap   total 71680K, used 22258K [0x00000000c0000000, 0x0000000100000000)
  region size 1024K, 1 young (1024K), 0 survivors (0K)
 Metaspace       used 38680K, committed 39104K, reserved 1114112K
  class space    used 5110K, committed 5312K, reserved 1048576K
}
Event: 12946.216 GC heap after
{Heap after GC invocations=319 (full 215):
 garbage-first heap   total 71680K, used 22258K [0x00000000c0000000, 0x0000000100000000)
  region size 1024K, 0 young (0K), 0 survivors (0K)
 Metaspace       used 38680K, committed 39104K, reserved 1114112K
  class space    used 5110K, committed 5312K, reserved 1048576K
}
Event: 13066.599 GC heap before
{Heap before GC invocations=319 (full 215):
 garbage-first heap   total 71680K, used 23282K [0x00000000c0000000, 0x0000000100000000)
  region size 1024K, 2 young (2048K), 0 survivors (0K)
 Metaspace       used 38680K, committed 39104K, reserved 1114112K
  class space    used 5110K, committed 5312K, reserved 1048576K
}
Event: 13066.818 GC heap after
{Heap after GC invocations=320 (full 216):
 garbage-first heap   total 71680K, used 22259K [0x00000000c0000000, 0x0000000100000000)
  region size 1024K, 0 young (0K), 0 survivors (0K)
 Metaspace       used 38680K, committed 39104K, reserved 1114112K
  class space    used 5110K, committed 5312K, reserved 1048576K
}

